make all --print-data-base --no-builtin-variables --no-builtin-rules --question
make: *** No rule to make target 'all'.  Stop.
 
# GNU Make 4.3
# Built for x86_64-pc-linux-gnu
# Copyright (C) 1988-2020 Free Software Foundation, Inc.
# License GPLv3+: GNU GPL version 3 or later <http://gnu.org/licenses/gpl.html>
# This is free software: you are free to change and redistribute it.
# There is NO WARRANTY, to the extent permitted by law.

# Make data base, printed on Tue Jan 25 16:13:47 2022

# Variables

# environment
GDK_BACKEND = x11
# environment
LC_ALL = C
# environment
GNOME_SHELL_SESSION_MODE = ubuntu
# environment
SSH_AGENT_LAUNCHER = gnome-keyring
# environment
SNAP_INSTANCE_KEY = 
# environment
GJS_DEBUG_OUTPUT = stderr
# environment
VSCODE_IPC_HOOK_EXTHOST = /run/user/1000/vscode-ipc-c1913eab-4c69-48fe-85c3-983655709225.sock
# environment
LC_NAME = fr_FR.UTF-8
# environment
LC_NUMERIC = fr_FR.UTF-8
# environment
VSCODE_CWD = /home/lilian
# environment
V6TOOLS_CMXA = gmp.cmxa com.cmxa gbddml.cmxa ezdl.cmxa gmp.cmxa polka.cmxa rdbg-plugin.cmxa lutin-utils.cmxa lutin.cmxa lustre-v6.cmxa
# environment
CAML_LD_LIBRARY_PATH = :/home/lilian/Desktop/INFO3/ALM5/Hard/lv6-bin-dist/lib/stublibs
# environment
LC_ADDRESS = fr_FR.UTF-8
# environment
LIBVIRT_DEFAULT_URI = qemu:///system
# default
MAKE_COMMAND := make
# environment
QT_ACCESSIBILITY = 1
# automatic
@D = $(patsubst %/,%,$(dir $@))
# environment
SNAP_INSTANCE_NAME = code
# environment
GDK_PIXBUF_MODULEDIR = /snap/code/85/usr/lib/x86_64-linux-gnu/gdk-pixbuf-2.0/2.10.0/loaders
# environment
VSCODE_HANDLES_UNCAUGHT_ERRORS = true
# default
.VARIABLES := 
# environment
PWD = /home/lilian/Desktop/INFO3/S6/Others/TP_Algo6
# automatic
%D = $(patsubst %/,%,$(dir $%))
# environment
XDG_DATA_DIRS = /usr/share/ubuntu:/usr/local/share/:/usr/share/:/var/lib/snapd/desktop
# automatic
^D = $(patsubst %/,%,$(dir $^))
# environment
VSCODE_LOG_STACK = false
# automatic
%F = $(notdir $%)
# environment
VSCODE_CODE_CACHE_PATH = /home/lilian/.config/Code/CachedData/899d46d82c4c95423fb7e10e68eba52050e30ba3
# environment
LANG = C
# environment
XAUTHORITY = /run/user/1000/.mutter-Xwaylandauth.DDEDG1
# default
.LOADED := 
# default
.INCLUDE_DIRS = /usr/local/include /usr/include /usr/include
# makefile
MAKEFLAGS = pqrR
# makefile
CURDIR := /home/lilian/Desktop/INFO3/S6/Others/TP_Algo6
# environment
VSCODE_PIPE_LOGGING = true
# environment
APPLICATION_INSIGHTS_NO_DIAGNOSTIC_CHANNEL = true
# environment
LESSOPEN = | /usr/bin/lesspipe %s
# automatic
*D = $(patsubst %/,%,$(dir $*))
# environment
MFLAGS = -pqrR
# environment
SSH_AUTH_SOCK = /run/user/1000/keyring/ssh
# default
.SHELLFLAGS := -c
# environment
WAYLAND_DISPLAY = wayland-0
# environment
XDG_CONFIG_DIRS = /etc/xdg/xdg-ubuntu:/etc/xdg
# automatic
+D = $(patsubst %/,%,$(dir $+))
# environment
VSCODE_CRASH_REPORTER_START_OPTIONS = {"companyName":"Microsoft","productName":"VSCode","submitURL":"appcenter://code?aid=fba07a4d-84bd-4fc8-a125-9640fc8ce171&uid=cbb4a39a-e579-4c80-8e1b-3c309f6ef7d3&iid=cbb4a39a-e579-4c80-8e1b-3c309f6ef7d3&sid=cbb4a39a-e579-4c80-8e1b-3c309f6ef7d3","uploadToServer":true}
# environment
XDG_SESSION_DESKTOP = ubuntu
# makefile
MAKEFILE_LIST := 
# environment
LUSTRE_INSTALL = /home/lilian/Desktop/INFO3/ALM5/Hard/lv6-bin-dist
# environment
SNAP_REEXEC = 
# automatic
@F = $(notdir $@)
# environment
VSCODE_VERBOSE_LOGGING = true
# environment
VSCODE_PID = 6161
# environment
XDG_SESSION_TYPE = wayland
# automatic
?D = $(patsubst %/,%,$(dir $?))
# environment
BAMF_DESKTOP_FILE_HINT = /var/lib/snapd/desktop/applications/code_code.desktop
# environment
SESSION_MANAGER = local/lilian-desktop:@/tmp/.ICE-unix/1367,unix/lilian-desktop:/tmp/.ICE-unix/1367
# automatic
*F = $(notdir $*)
# environment
CHROME_DESKTOP = code-url-handler.desktop
# environment
DBUS_SESSION_BUS_ADDRESS = unix:path=/run/user/1000/bus
# automatic
<D = $(patsubst %/,%,$(dir $<))
# environment
VSCODE_NLS_CONFIG = {"locale":"fr","availableLanguages":{"*":"fr"},"_languagePackId":"9fdd4736c50ab5d00bf618b3d10bedcc.fr","_translationsConfigFile":"/home/lilian/.config/Code/clp/9fdd4736c50ab5d00bf618b3d10bedcc.fr/tcf.json","_cacheRoot":"/home/lilian/.config/Code/clp/9fdd4736c50ab5d00bf618b3d10bedcc.fr","_resolvedLanguagePackCoreLocation":"/home/lilian/.config/Code/clp/9fdd4736c50ab5d00bf618b3d10bedcc.fr/899d46d82c4c95423fb7e10e68eba52050e30ba3","_corruptedFile":"/home/lilian/.config/Code/clp/9fdd4736c50ab5d00bf618b3d10bedcc.fr/corrupted.info","_languagePackSupport":true}
# environment
BREAKPAD_DUMP_LOCATION = /home/lilian/.config/Code/exthost Crash Reports
# default
MAKE_HOST := x86_64-pc-linux-gnu
# environment
GNOME_DESKTOP_SESSION_ID = this-is-deprecated
# makefile
SHELL = /bin/sh
# default
MAKECMDGOALS := all
# environment
XMODIFIERS = @im=ibus
# environment
GJS_DEBUG_TOPICS = JS ERROR;JS LOG
# environment
SHLVL = 0
# environment
MAKELEVEL := 0
# environment
IM_CONFIG_CHECK_ENV = 1
# default
MAKE = $(MAKE_COMMAND)
# environment
SNAP_COOKIE = pAH8yBHF4sqdbEVe4OeCMUWw9DGG-aY0ZhemxPdYQF1W2cazv7Qt
# environment
PATH = /home/lilian/Desktop/INFO3/ALM5/Hard/lv6-bin-dist/bin:/usr/local/sbin:/usr/local/bin:/usr/sbin:/usr/bin:/sbin:/bin:/usr/games:/usr/local/games:/snap/bin:/snap/bin
# default
MAKEFILES := 
# environment
LC_MONETARY = fr_FR.UTF-8
# automatic
^F = $(notdir $^)
# environment
SNAP_USER_COMMON = /home/lilian/snap/code/common
# environment
LC_TIME = fr_FR.UTF-8
# environment
SNAP = /snap/code/85
# environment
INVOCATION_ID = 9cc9180aeaec49108e868545d58ee487
# environment
SNAP_REVISION = 85
# environment
SNAP_REAL_HOME = /home/lilian
# environment
VSCODE_LOG_NATIVE = false
# environment
USERNAME = lilian
# environment
GNOME_SETUP_DISPLAY = :1
# environment
LC_TELEPHONE = fr_FR.UTF-8
# environment
LESSCLOSE = /usr/bin/lesspipe %s %s
# automatic
?F = $(notdir $?)
# environment
XDG_CURRENT_DESKTOP = Unity
# environment
LS_COLORS = 
# automatic
+F = $(notdir $+)
# environment
DESKTOP_SESSION = ubuntu
# environment
ORIGINAL_XDG_CURRENT_DESKTOP = ubuntu:GNOME
# 'override' directive
GNUMAKEFLAGS := 
# environment
LOGNAME = lilian
# environment
GIO_LAUNCHED_DESKTOP_FILE = /var/lib/snapd/desktop/applications/code_code.desktop
# environment
SNAP_ARCH = amd64
# makefile
.DEFAULT_GOAL := 
# environment
SYSTEMD_EXEC_PID = 1400
# environment
DISPLAY = :0
# environment
USER = lilian
# environment
GTK_MODULES = gail:atk-bridge
# default
MAKE_VERSION := 4.3
# environment
DISABLE_WAYLAND = 1
# environment
SNAP_DATA = /var/snap/code/85
# environment
SNAP_CONTEXT = pAH8yBHF4sqdbEVe4OeCMUWw9DGG-aY0ZhemxPdYQF1W2cazv7Qt
# environment
MANAGERPID = 1196
# environment
LC_MEASUREMENT = fr_FR.UTF-8
# environment
GIO_LAUNCHED_DESKTOP_FILE_PID = 6097
# environment
V6TOOLS_LIBPATH = -I /home/lilian/Desktop/INFO3/ALM5/Hard/lv6-bin-dist/lib -I /home/lilian/Desktop/INFO3/ALM5/Hard/lv6-bin-dist/lib/lutils -I /home/lilian/Desktop/INFO3/ALM5/Hard/lv6-bin-dist/lib/polka/ -I /home/lilian/Desktop/INFO3/ALM5/Hard/lv6-bin-dist/lib/camlidl/  -I /home/lilian/Desktop/INFO3/ALM5/Hard/lv6-bin-dist/lib/ezdl/  -I /home/lilian/Desktop/INFO3/ALM5/Hard/lv6-bin-dist/lib/gbddml/  -I /home/lilian/Desktop/INFO3/ALM5/Hard/lv6-bin-dist/lib/lustre-v6/ -I /home/lilian/Desktop/INFO3/ALM5/Hard/lv6-bin-dist/lib/lutin -I /home/lilian/Desktop/INFO3/ALM5/Hard/lv6-bin-dist/lib/lutin-utils -I /home/lilian/Desktop/INFO3/ALM5/Hard/lv6-bin-dist/lib/gmp -I /home/lilian/Desktop/INFO3/ALM5/Hard/lv6-bin-dist/lib/rdbg-plugin
# environment
_ = /snap/code/85/usr/share/code/code
# environment
LC_PAPER = fr_FR.UTF-8
# environment
XDG_RUNTIME_DIR = /run/user/1000
# environment
GDK_PIXBUF_MODULE_FILE = /home/lilian/snap/code/common/.cache/gdk-pixbuf-loaders.cache
# environment
JOURNAL_STREAM = 8:25521
# environment
XDG_SESSION_CLASS = user
# environment
VSCODE_AMD_ENTRYPOINT = vs/workbench/services/extensions/node/extensionHostProcess
# environment
LV6_PATH = /home/lilian/Desktop/INFO3/ALM5/Hard/lv6-bin-dist
# environment
HOME = /home/lilian
# environment
QT_IM_MODULE = ibus
# environment
ELECTRON_RUN_AS_NODE = 1
# environment
VSCODE_IPC_HOOK = /run/user/1000/vscode-534e2477-1.63.2-main.sock
# environment
SNAP_NAME = code
# environment
GSETTINGS_SCHEMA_DIR = /snap/code/85/usr/share/glib-2.0/schemas
# environment
IM_CONFIG_PHASE = 1
# default
.RECIPEPREFIX := 
# automatic
<F = $(notdir $<)
# environment
SNAP_VERSION = 899d46d8
# default
SUFFIXES := 
# environment
VSCODE_CLI = 1
# environment
ELECTRON_NO_ATTACH_CONSOLE = 1
# environment
SNAP_COMMON = /var/snap/code/common
# default
.FEATURES := target-specific order-only second-expansion else-if shortest-stem undefine oneshell nocomment grouped-target extra-prereqs archives jobserver output-sync check-symlink load
# environment
SNAP_USER_DATA = /home/lilian/snap/code/85
# environment
XDG_MENU_PREFIX = gnome-
# environment
GDMSESSION = ubuntu
# environment
LC_IDENTIFICATION = fr_FR.UTF-8
# environment
SNAP_LIBRARY_PATH = /var/lib/snapd/lib/gl:/var/lib/snapd/lib/gl32:/var/lib/snapd/void
# variable set hash-table stats:
 
# Load=139/1024=14%, Rehash=0, Collisions=8/166=5%

# Pattern-specific Variable Values

# No pattern-specific variable values.

# Directories

# . (device 66308, inode 11690264): 7 files, no impossibilities.

# 7 files, no impossibilities in 1 directories.

# Implicit Rules

# No implicit rules.

# Files

# Not a target:
Makefile:
#  Implicit rule search has been done.
#  File does not exist.
#  File has been updated.
#  Failed to be updated.

# Not a target:
.DEFAULT:
#  Implicit rule search has not been done.
#  Modification time never checked.
#  File has not been updated.

# Not a target:
all:
#  Command line target.
#  Implicit rule search has been done.
#  File does not exist.
#  File has not been updated.

# Not a target:
makefile:
#  Implicit rule search has been done.
#  File does not exist.
#  File has been updated.
#  Failed to be updated.

# Not a target:
GNUmakefile:
#  Implicit rule search has been done.
#  File does not exist.
#  File has been updated.
#  Failed to be updated.

# files hash-table stats:
# Load=6/1024=1%, Rehash=0, Collisions=0/15=0%
# VPATH Search Paths

# No 'vpath' search paths.

# No general ('VPATH' variable) search path.

# strcache buffers: 1 (0) / strings = 15 / storage = 115 B / avg = 7 B
# current buf: size = 8162 B / used = 115 B / count = 15 / avg = 7 B

# strcache performance: lookups = 18 / hit rate = 16%
# hash-table stats:
# Load=15/8192=0%, Rehash=0, Collisions=0/18=0%
# Finished Make data base on Tue Jan 25 16:13:47 2022

 
